<testsuites id="" name="" tests="6" failures="0" skipped="0" errors="0" time="6.790714">
<testsuite name="alerts.spec.ts" timestamp="2025-12-30T01:55:45.807Z" hostname="chromium" tests="3" failures="0" skipped="0" time="6.587" errors="0">
<testcase name="Alert with Ok @guest" classname="alerts.spec.ts" time="2.144">
<system-out>
<![CDATA[
[[ATTACHMENT|alerts-Alert-with-Ok-guest-chromium/trace.zip]]
]]>
</system-out>
</testcase>
<testcase name="Confirmation Dialog-Alert with Ok and cancel @guest" classname="alerts.spec.ts" time="2.166">
<system-out>
<![CDATA[
[[ATTACHMENT|alerts-Confirmation-Dialog-Alert-with-Ok-and-cancel-guest-chromium/trace.zip]]
]]>
</system-out>
</testcase>
<testcase name="Prompt Dialog approach 2 @guest" classname="alerts.spec.ts" time="2.277">
<system-out>
<![CDATA[🚨 Dialog erkannt: prompt
📩 Nachricht: Please enter your name:
💬 Default-Wert: Harry Potter
✅ Prompt akzeptiert mit Eingabe: "Mohamed"

[[ATTACHMENT|alerts-Prompt-Dialog-approach-2-guest-chromium/trace.zip]]
]]>
</system-out>
</testcase>
</testsuite>
<testsuite name="alerts.spec.ts" timestamp="2025-12-30T01:55:45.807Z" hostname="firefox" tests="3" failures="0" skipped="0" time="7.133" errors="0">
<testcase name="Alert with Ok @guest" classname="alerts.spec.ts" time="1.99">
<system-out>
<![CDATA[
[[ATTACHMENT|alerts-Alert-with-Ok-guest-firefox/trace.zip]]
]]>
</system-out>
</testcase>
<testcase name="Confirmation Dialog-Alert with Ok and cancel @guest" classname="alerts.spec.ts" time="2.132">
<system-out>
<![CDATA[
[[ATTACHMENT|alerts-Confirmation-Dialog-Alert-with-Ok-and-cancel-guest-firefox/trace.zip]]
]]>
</system-out>
</testcase>
<testcase name="Prompt Dialog approach 2 @guest" classname="alerts.spec.ts" time="3.011">
<system-out>
<![CDATA[🚨 Dialog erkannt: prompt
📩 Nachricht: Please enter your name:
💬 Default-Wert: Harry Potter
✅ Prompt akzeptiert mit Eingabe: "Mohamed"

[[ATTACHMENT|alerts-Prompt-Dialog-approach-2-guest-firefox/trace.zip]]
]]>
</system-out>
</testcase>
</testsuite>
</testsuites>